2026-01-06 12:34:25 | INFO | Vault snapshot task started
2026-01-06 12:34:25 | ERROR | Failed while attempting to access destination path
Traceback (most recent call last):
  File "c:\Users\Eem\Documents\Python\misc-python-scripts\2026\Obsidian Snapshots\obsidian_snapshots.py", line 31, in validate_destination_path
    if not destination_path.exists():
           ~~~~~~~~~~~~~~~~~~~~~~~^^
  File "C:\Users\Eem\AppData\Local\Programs\Python\Python313\Lib\pathlib\_abc.py", line 450, in exists
    self.stat(follow_symlinks=follow_symlinks)
    ~~~~~~~~~^^^^^^^^^^^^^^^^^^^^^^^^^^^^^^^^^
  File "C:\Users\Eem\AppData\Local\Programs\Python\Python313\Lib\pathlib\_local.py", line 515, in stat
    return os.stat(self, follow_symlinks=follow_symlinks)
           ~~~~~~~^^^^^^^^^^^^^^^^^^^^^^^^^^^^^^^^^^^^^^^
OSError: [WinError 1326] The user name or password is incorrect: 'P:\\Obsidian vault backups'
2026-01-06 13:42:58 | INFO | Vault snapshot task started
2026-01-06 13:42:58 | INFO | Snapshot interval not exceeded; no snapshot created
2026-01-06 13:42:58 | INFO | Vault snapshot task finished
2026-01-06 13:42:58 | INFO | Vault snapshot task finished successfully
2026-01-06 14:08:14 | INFO | Vault snapshot task started
2026-01-06 14:08:14 | INFO | Snapshot interval not exceeded; no snapshot created
2026-01-06 14:08:14 | INFO | Vault snapshot task finished
2026-01-06 14:08:14 | INFO | Vault snapshot task finished successfully
2026-01-06 14:09:33 | INFO | Vault snapshot task started
2026-01-06 14:09:34 | INFO | Snapshot interval not exceeded; no snapshot created
2026-01-06 14:09:34 | INFO | Vault snapshot task finished
2026-01-06 14:09:34 | INFO | Vault snapshot task finished successfully
2026-01-06 14:10:53 | INFO | Vault snapshot task started
2026-01-06 14:10:53 | INFO | Snapshot interval not exceeded; no snapshot created
2026-01-06 14:10:53 | INFO | Vault snapshot task finished
2026-01-06 14:10:53 | INFO | Vault snapshot task finished successfully
2026-01-06 14:11:54 | INFO | Vault snapshot task started
2026-01-06 14:11:54 | INFO | Snapshot interval not exceeded; no snapshot created
2026-01-06 14:11:54 | INFO | Vault snapshot task finished
2026-01-06 14:11:54 | INFO | Vault snapshot task finished successfully
2026-01-06 14:16:30 | INFO | Vault snapshot task started
2026-01-06 14:16:30 | INFO | Snapshot interval not exceeded; no snapshot created
2026-01-06 14:16:30 | INFO | Vault snapshot task finished
2026-01-06 14:16:30 | INFO | Vault snapshot task finished successfully
2026-01-06 14:39:56 | INFO | Vault snapshot task started
2026-01-06 14:40:04 | INFO | Snapshot interval not exceeded; no snapshot created
2026-01-06 14:40:04 | INFO | Vault snapshot task finished
2026-01-06 14:40:04 | INFO | Vault snapshot task finished successfully
2026-01-06 14:40:43 | INFO | Vault snapshot task started
2026-01-06 14:40:43 | ERROR | Destination path does not exist or is not accessible
2026-01-06 14:40:43 | ERROR | Failed while attempting to access destination path
Traceback (most recent call last):
  File "C:\Users\Eem\Documents\Python\misc-python-scripts\2026\Obsidian Snapshots\obsidian_snapshots.py", line 32, in validate_destination_path
    raise FileNotFoundError(destination_path)
FileNotFoundError: P:\Obsidian vault backups
2026-01-06 14:42:05 | INFO | Vault snapshot task started
2026-01-06 14:42:05 | INFO | Snapshot interval not exceeded; no snapshot created
2026-01-06 14:42:05 | INFO | Vault snapshot task finished
2026-01-06 14:42:05 | INFO | Vault snapshot task finished successfully
2026-01-06 14:49:30 | INFO | Vault snapshot task started
2026-01-06 14:49:30 | INFO | Snapshot interval not exceeded; no snapshot created
2026-01-06 14:49:30 | INFO | Vault snapshot task finished
2026-01-06 14:49:30 | INFO | Vault snapshot task finished successfully
2026-01-06 14:50:38 | INFO | Vault snapshot task started
2026-01-06 14:50:38 | INFO | Snapshot interval not exceeded; no snapshot created
2026-01-06 14:50:38 | INFO | Vault snapshot task finished
2026-01-06 14:50:44 | INFO | Vault snapshot task started
2026-01-06 14:50:44 | INFO | Snapshot interval not exceeded; no snapshot created
2026-01-06 14:50:44 | INFO | Vault snapshot task finished
2026-01-06 16:25:49 | INFO | Vault snapshot task started
2026-01-06 16:26:22 | ERROR | Destination path does not exist or is not accessible
2026-01-06 16:26:22 | ERROR | Failed while attempting to access destination path
Traceback (most recent call last):
  File "C:\Users\Eem\Documents\Python\misc-python-scripts\2026\Obsidian Snapshots\obsidian_snapshots.py", line 32, in validate_destination_path
    raise FileNotFoundError(destination_path)
FileNotFoundError: \\192.168.1.106\home\Obsidian vault backups
2026-01-06 16:30:14 | INFO | Vault snapshot task started
2026-01-06 16:30:25 | ERROR | Destination path does not exist or is not accessible
2026-01-06 16:30:25 | ERROR | Failed while attempting to access destination path
Traceback (most recent call last):
  File "C:\Users\Eem\Documents\Python\misc-python-scripts\2026\Obsidian Snapshots\obsidian_snapshots.py", line 32, in validate_destination_path
    raise FileNotFoundError(destination_path)
FileNotFoundError: \\192.168.1.106\home\Obsidian vault backups
2026-01-06 16:39:24 | INFO | Vault snapshot task started
2026-01-06 16:39:35 | ERROR | Destination path does not exist or is not accessible
2026-01-06 16:39:35 | ERROR | Failed while attempting to access destination path
Traceback (most recent call last):
  File "C:\Users\Eem\Documents\Python\misc-python-scripts\2026\Obsidian Snapshots\obsidian_snapshots.py", line 32, in validate_destination_path
    raise FileNotFoundError(destination_path)
FileNotFoundError: \\192.168.1.106\home\Obsidian vault backups
2026-01-06 16:44:57 | INFO | Vault snapshot task started
2026-01-06 16:45:06 | INFO | Snapshot interval not exceeded; no snapshot created
2026-01-06 16:45:06 | INFO | Vault snapshot task finished

2026-01-06 17:01:35 | INFO | Vault snapshot task started
2026-01-06 17:01:35 | INFO | Snapshot interval not exceeded; no snapshot created
2026-01-06 17:01:35 | INFO | Vault snapshot task finished

2026-01-07 00:00:02 | INFO | 
Vault snapshot task started
2026-01-07 00:00:04 | INFO | Snapshot interval not exceeded; no snapshot created
2026-01-07 00:00:04 | INFO | Vault snapshot task finished
2026-01-08 13:50:44 | INFO | 
Vault snapshot task started
2026-01-08 13:50:46 | INFO | Snapshot interval not exceeded; no snapshot created
2026-01-08 13:50:46 | INFO | Vault snapshot task finished
2026-01-08 14:00:32 | INFO | 
Vault snapshot task started
2026-01-08 14:00:32 | INFO | Snapshot interval not exceeded; no snapshot created
2026-01-08 14:00:32 | INFO | Vault snapshot task finished
2026-01-10 09:42:45 | INFO | 
Vault snapshot task started
2026-01-10 09:42:46 | INFO | Snapshot interval not exceeded; no snapshot created
2026-01-10 09:42:46 | INFO | Vault snapshot task finished
2026-01-11 00:00:03 | INFO | 
Vault snapshot task started
2026-01-11 00:00:04 | INFO | Snapshot interval not exceeded; no snapshot created
2026-01-11 00:00:04 | INFO | Vault snapshot task finished
2026-01-11 22:05:10 | INFO | 
Vault snapshot task started
2026-01-11 22:05:10 | INFO | Snapshot interval not exceeded; no snapshot created
2026-01-11 22:05:10 | INFO | Vault snapshot task finished
2026-01-11 22:13:00 | INFO | Vault snapshot task started
2026-01-11 22:13:00 | INFO | Snapshot interval not exceeded; no snapshot created
2026-01-11 22:13:00 | INFO | Vault snapshot task finished
2026-01-11 22:13:59 | INFO | Vault snapshot task started
2026-01-11 22:13:59 | INFO | Snapshot interval not exceeded; no snapshot created
2026-01-11 22:13:59 | INFO | Vault snapshot task finished
2026-01-11 22:16:42 | INFO | 
2026-01-11 22:16:42 | INFO | Vault snapshot task started
2026-01-11 22:16:42 | INFO | Snapshot interval not exceeded; no snapshot created
2026-01-11 22:16:42 | INFO | Vault snapshot task finished
2026-01-12 09:48:53 | INFO | Vault snapshot task started
2026-01-12 09:48:53 | INFO | Snapshot interval not exceeded; no snapshot created
2026-01-12 09:48:53 | INFO | Vault snapshot task finished
2026-01-13 00:00:03 | INFO | Vault snapshot task started
2026-01-13 00:00:03 | INFO | Snapshot interval exceeded; snapshot will be created
2026-01-13 00:00:04 | INFO | Snapshot created successfully: 260112_JamiesVaultSnapshot.zip
2026-01-13 00:00:04 | INFO | Vault snapshot task finished
2026-01-13 11:40:56 | INFO | Vault snapshot task started
2026-01-13 11:40:56 | ERROR | Destination path does not exist or is not accessible
2026-01-13 11:40:56 | ERROR | Failed while attempting to access destination path
Traceback (most recent call last):
  File "C:\Users\Eem\Documents\Python\misc-python-scripts\2026\Obsidian Snapshots\obsidian_snapshots.py", line 32, in validate_destination_path
    raise FileNotFoundError(destination_path)
FileNotFoundError: \\192.168.1.106\home\Obsidian vault backups
2026-01-13 12:22:36 | INFO | Vault snapshot task started
2026-01-13 12:22:36 | INFO | Snapshot interval not exceeded; no snapshot created
2026-01-13 12:22:36 | INFO | Vault snapshot task finished
2026-01-13 12:27:23 | INFO | Vault snapshot task started
2026-01-13 12:27:23 | INFO | Snapshot interval not exceeded; no snapshot created
2026-01-13 12:27:23 | INFO | Vault snapshot task finished
2026-01-13 12:27:28 | INFO | Vault snapshot task started
2026-01-13 12:27:28 | INFO | Snapshot interval not exceeded; no snapshot created
2026-01-13 12:27:28 | INFO | Vault snapshot task finished
2026-01-13 12:52:51 | INFO | Vault snapshot task started
2026-01-13 12:52:51 | INFO | Snapshot interval not exceeded; no snapshot created
2026-01-13 12:52:51 | INFO | Vault snapshot task finished
2026-01-14 00:01:33 | INFO | Vault snapshot task started
2026-01-14 00:01:33 | INFO | Snapshot interval not exceeded; no snapshot created
2026-01-14 00:01:33 | INFO | Vault snapshot task finished
2026-01-14 09:50:16 | INFO | Vault snapshot task started
2026-01-14 09:50:17 | INFO | Snapshot interval not exceeded; no snapshot created
2026-01-14 09:50:17 | INFO | Vault snapshot task finished
2026-01-15 13:36:10 | INFO | Vault snapshot task started
2026-01-15 13:36:16 | ERROR | Destination path does not exist or is not accessible
2026-01-15 13:36:16 | ERROR | Failed while attempting to access destination path
Traceback (most recent call last):
  File "C:\Users\Eem\Documents\Python\misc-python-scripts\2026\Obsidian Snapshots\obsidian_snapshots.py", line 32, in validate_destination_path
    raise FileNotFoundError(destination_path)
FileNotFoundError: \\192.168.1.106\home\Obsidian vault backups
2026-01-15 13:40:26 | INFO | Vault snapshot task started
2026-01-15 13:40:33 | INFO | Snapshot interval not exceeded; no snapshot created
2026-01-15 13:40:33 | INFO | Vault snapshot task finished
2026-01-15 16:27:27 | INFO | Vault snapshot task started
2026-01-15 16:27:27 | INFO | Snapshot interval not exceeded; no snapshot created
2026-01-15 16:27:27 | INFO | Vault snapshot task finished
2026-01-16 00:01:32 | INFO | Vault snapshot task started
2026-01-16 00:01:32 | INFO | Snapshot interval not exceeded; no snapshot created
2026-01-16 00:01:32 | INFO | Vault snapshot task finished
2026-01-16 10:41:06 | INFO | Vault snapshot task started
2026-01-16 10:41:06 | INFO | Snapshot interval not exceeded; no snapshot created
2026-01-16 10:41:06 | INFO | Vault snapshot task finished
2026-01-17 00:53:09 | INFO | Vault snapshot task started
2026-01-17 00:53:10 | INFO | Snapshot interval not exceeded; no snapshot created
2026-01-17 00:53:10 | INFO | Vault snapshot task finished
2026-01-17 00:58:50 | INFO | Vault snapshot task started
2026-01-17 00:58:50 | INFO | Snapshot interval not exceeded; no snapshot created
2026-01-17 00:58:50 | INFO | Vault snapshot task finished
2026-01-17 10:53:51 | INFO | Vault snapshot task started
2026-01-17 10:53:52 | INFO | Snapshot interval not exceeded; no snapshot created
2026-01-17 10:53:52 | INFO | Vault snapshot task finished
2026-01-19 12:59:46 | INFO | Vault snapshot task started
2026-01-19 12:59:48 | INFO | Snapshot interval not exceeded; no snapshot created
2026-01-19 12:59:48 | INFO | Vault snapshot task finished
2026-01-19 13:05:06 | INFO | Vault snapshot task started
2026-01-19 13:05:06 | INFO | Snapshot interval not exceeded; no snapshot created
2026-01-19 13:05:06 | INFO | Vault snapshot task finished
2026-01-19 17:20:03 | INFO | Vault snapshot task started
2026-01-19 17:20:03 | INFO | Snapshot interval not exceeded; no snapshot created
2026-01-19 17:20:03 | INFO | Vault snapshot task finished
2026-01-20 00:01:33 | INFO | Vault snapshot task started
2026-01-20 00:01:33 | INFO | Snapshot interval exceeded; snapshot will be created
2026-01-20 00:01:34 | INFO | Snapshot created successfully: 260119_JamiesVaultSnapshot.zip
2026-01-20 00:01:34 | INFO | Vault snapshot task finished
2026-01-20 10:24:15 | INFO | Vault snapshot task started
2026-01-20 10:24:15 | INFO | Snapshot interval not exceeded; no snapshot created
2026-01-20 10:24:15 | INFO | Vault snapshot task finished
2026-01-21 12:11:00 | INFO | Vault snapshot task started
2026-01-21 12:11:01 | INFO | Snapshot interval not exceeded; no snapshot created
2026-01-21 12:11:01 | INFO | Vault snapshot task finished
2026-01-21 12:16:41 | INFO | Vault snapshot task started
2026-01-21 12:16:41 | INFO | Snapshot interval not exceeded; no snapshot created
2026-01-21 12:16:41 | INFO | Vault snapshot task finished
